Enemy.obj : error LNK2005: "int Key" (?Key@@3HA) は既に main.obj で定義されています。
Enemy.obj : error LNK2005: "int Key1" (?Key1@@3HA) は既に main.obj で定義されています。
Enemy.obj : error LNK2005: "int Key2" (?Key2@@3HA) は既に main.obj で定義されています。
Enemy.obj : error LNK2005: "int Cr1" (?Cr1@@3HA) は既に main.obj で定義されています。
Enemy.obj : error LNK2005: "int Cr2" (?Cr2@@3HA) は既に main.obj で定義されています。
Enemy.obj : error LNK2005: "int GroundCoordinate" (?GroundCoordinate@@3HA) は既に main.obj で定義されています。
Enemy.obj : error LNK2005: "int EnemyStart" (?EnemyStart@@3HA) は既に main.obj で定義されています。
Enemy.obj : error LNK2005: "int EnemyUp1" (?EnemyUp1@@3HA) は既に main.obj で定義されています。
Enemy.obj : error LNK2005: "int EnemyUp2" (?EnemyUp2@@3HA) は既に main.obj で定義されています。
Enemy.obj : error LNK2005: "int Time" (?Time@@3HA) は既に main.obj で定義されています。
Enemy.obj : error LNK2005: "int PlayerX" (?PlayerX@@3HA) は既に main.obj で定義されています。
Enemy.obj : error LNK2005: "int PlayerY" (?PlayerY@@3HA) は既に main.obj で定義されています。
Enemy.obj : error LNK2005: "int PlayerH" (?PlayerH@@3HA) は既に main.obj で定義されています。
Enemy.obj : error LNK2005: "int PlayerW" (?PlayerW@@3HA) は既に main.obj で定義されています。
Enemy.obj : error LNK2005: "int PlayerGraph" (?PlayerGraph@@3HA) は既に main.obj で定義されています。
Enemy.obj : error LNK2005: "int EnemyW" (?EnemyW@@3HA) は既に main.obj で定義されています。
Enemy.obj : error LNK2005: "int EnemyH" (?EnemyH@@3HA) は既に main.obj で定義されています。
Enemy.obj : error LNK2005: "int Telop1Graph" (?Telop1Graph@@3HA) は既に main.obj で定義されています。
Enemy.obj : error LNK2005: "int Telop2Graph" (?Telop2Graph@@3HA) は既に main.obj で定義されています。
Enemy.obj : error LNK2005: "int BackGraph" (?BackGraph@@3HA) は既に main.obj で定義されています。
Enemy.obj : error LNK2005: "int TitleGraph" (?TitleGraph@@3HA) は既に main.obj で定義されています。
Enemy.obj : error LNK2005: "int TitleScrollGraph" (?TitleScrollGraph@@3HA) は既に main.obj で定義されています。
Enemy.obj : error LNK2005: "int ChangeSceenGraph" (?ChangeSceenGraph@@3HA) は既に main.obj で定義されています。
Enemy.obj : error LNK2005: "int ChangeSceen2Graph" (?ChangeSceen2Graph@@3HA) は既に main.obj で定義されています。
Enemy.obj : error LNK2005: "int BackGlassGraph" (?BackGlassGraph@@3HA) は既に main.obj で定義されています。
Enemy.obj : error LNK2005: "int ManualGraph" (?ManualGraph@@3HA) は既に main.obj で定義されています。
Enemy.obj : error LNK2005: "int Manual2Graph" (?Manual2Graph@@3HA) は既に main.obj で定義されています。
Enemy.obj : error LNK2005: "int GameOverGraph" (?GameOverGraph@@3HA) は既に main.obj で定義されています。
Enemy.obj : error LNK2005: "int GameOverTxtGraph" (?GameOverTxtGraph@@3HA) は既に main.obj で定義されています。
Enemy.obj : error LNK2005: "int ClearGraph" (?ClearGraph@@3HA) は既に main.obj で定義されています。
Enemy.obj : error LNK2005: "int GameClearTxtGraph" (?GameClearTxtGraph@@3HA) は既に main.obj で定義されています。
Enemy.obj : error LNK2005: "int SkyGraph" (?SkyGraph@@3HA) は既に main.obj で定義されています。
Enemy.obj : error LNK2005: "int MountainGraph" (?MountainGraph@@3HA) は既に main.obj で定義されています。
Enemy.obj : error LNK2005: "int GraundGraph" (?GraundGraph@@3HA) は既に main.obj で定義されています。
Enemy.obj : error LNK2005: "int SlimeAyeGraph" (?SlimeAyeGraph@@3HA) は既に main.obj で定義されています。
Enemy.obj : error LNK2005: "int SlimeAye2Graph" (?SlimeAye2Graph@@3HA) は既に main.obj で定義されています。
Enemy.obj : error LNK2005: "int ArrowGraph" (?ArrowGraph@@3HA) は既に main.obj で定義されています。
Enemy.obj : error LNK2005: "int BgmHandle" (?BgmHandle@@3HA) は既に main.obj で定義されています。
Enemy.obj : error LNK2005: "int SeHandle" (?SeHandle@@3HA) は既に main.obj で定義されています。
Enemy.obj : error LNK2005: "int GameOverHandle" (?GameOverHandle@@3HA) は既に main.obj で定義されています。
Enemy.obj : error LNK2005: "float JumpPower" (?JumpPower@@3MA) は既に main.obj で定義されています。
Enemy.obj : error LNK2005: "float JumpPower1" (?JumpPower1@@3MA) は既に main.obj で定義されています。
Enemy.obj : error LNK2005: "bool IsInputEnterHold" (?IsInputEnterHold@@3_NA) は既に main.obj で定義されています。
Enemy.obj : error LNK2005: "bool IsInputUpHold" (?IsInputUpHold@@3_NA) は既に main.obj で定義されています。
Enemy.obj : error LNK2005: "bool IsInputDownHold" (?IsInputDownHold@@3_NA) は既に main.obj で定義されています。
Enemy.obj : error LNK2005: "bool IsInputJump1Hold" (?IsInputJump1Hold@@3_NA) は既に main.obj で定義されています。
Enemy.obj : error LNK2005: "bool IsInputJump2Hold" (?IsInputJump2Hold@@3_NA) は既に main.obj で定義されています。
Enemy.obj : error LNK2005: "bool IsInputJump3Hold" (?IsInputJump3Hold@@3_NA) は既に main.obj で定義されています。
Enemy.obj : error LNK2005: "struct DxLib::tagXINPUT_STATE Input" (?Input@@3UtagXINPUT_STATE@DxLib@@A) は既に main.obj で定義されています。
Enemy.obj : error LNK2005: "float Initialization" (?Initialization@@3MA) は既に main.obj で定義されています。
Enemy.obj : error LNK2005: "struct DxLib::tagVECTOR EnemyPos" (?EnemyPos@@3UtagVECTOR@DxLib@@A) は既に main.obj で定義されています。
Enemy.obj : error LNK2005: "struct DxLib::tagVECTOR EnemyPos1" (?EnemyPos1@@3UtagVECTOR@DxLib@@A) は既に main.obj で定義されています。
Enemy.obj : error LNK2005: "struct DxLib::tagVECTOR EnemyPos2" (?EnemyPos2@@3UtagVECTOR@DxLib@@A) は既に main.obj で定義されています。
Enemy.obj : error LNK2005: "struct DxLib::tagVECTOR EnemyPos3" (?EnemyPos3@@3UtagVECTOR@DxLib@@A) は既に main.obj で定義されています。
Enemy.obj : error LNK2005: "struct DxLib::tagVECTOR EnemyPos4" (?EnemyPos4@@3UtagVECTOR@DxLib@@A) は既に main.obj で定義されています。
Enemy.obj : error LNK2005: "struct DxLib::tagVECTOR EnemyPos5" (?EnemyPos5@@3UtagVECTOR@DxLib@@A) は既に main.obj で定義されています。
Enemy.obj : error LNK2005: "struct DxLib::tagVECTOR EnemyPos6" (?EnemyPos6@@3UtagVECTOR@DxLib@@A) は既に main.obj で定義されています。
Enemy.obj : error LNK2005: "struct DxLib::tagVECTOR EnemyPos7" (?EnemyPos7@@3UtagVECTOR@DxLib@@A) は既に main.obj で定義されています。
Enemy.obj : error LNK2005: "struct DxLib::tagVECTOR EnemyPos8" (?EnemyPos8@@3UtagVECTOR@DxLib@@A) は既に main.obj で定義されています。
Enemy.obj : error LNK2005: "struct DxLib::tagVECTOR EnemyPos9" (?EnemyPos9@@3UtagVECTOR@DxLib@@A) は既に main.obj で定義されています。
Enemy.obj : error LNK2005: "struct DxLib::tagVECTOR TelopPos1" (?TelopPos1@@3UtagVECTOR@DxLib@@A) は既に main.obj で定義されています。
Enemy.obj : error LNK2005: "struct DxLib::tagVECTOR TelopPos2" (?TelopPos2@@3UtagVECTOR@DxLib@@A) は既に main.obj で定義されています。
GameClearScene.obj : error LNK2005: "int Key" (?Key@@3HA) は既に main.obj で定義されています。
GameClearScene.obj : error LNK2005: "int Key1" (?Key1@@3HA) は既に main.obj で定義されています。
GameClearScene.obj : error LNK2005: "int Key2" (?Key2@@3HA) は既に main.obj で定義されています。
GameClearScene.obj : error LNK2005: "int Cr1" (?Cr1@@3HA) は既に main.obj で定義されています。
GameClearScene.obj : error LNK2005: "int Cr2" (?Cr2@@3HA) は既に main.obj で定義されています。
GameClearScene.obj : error LNK2005: "int GroundCoordinate" (?GroundCoordinate@@3HA) は既に main.obj で定義されています。
GameClearScene.obj : error LNK2005: "int EnemyStart" (?EnemyStart@@3HA) は既に main.obj で定義されています。
GameClearScene.obj : error LNK2005: "int EnemyUp1" (?EnemyUp1@@3HA) は既に main.obj で定義されています。
GameClearScene.obj : error LNK2005: "int EnemyUp2" (?EnemyUp2@@3HA) は既に main.obj で定義されています。
GameClearScene.obj : error LNK2005: "int Time" (?Time@@3HA) は既に main.obj で定義されています。
GameClearScene.obj : error LNK2005: "int PlayerX" (?PlayerX@@3HA) は既に main.obj で定義されています。
GameClearScene.obj : error LNK2005: "int PlayerY" (?PlayerY@@3HA) は既に main.obj で定義されています。
GameClearScene.obj : error LNK2005: "int PlayerH" (?PlayerH@@3HA) は既に main.obj で定義されています。
GameClearScene.obj : error LNK2005: "int PlayerW" (?PlayerW@@3HA) は既に main.obj で定義されています。
GameClearScene.obj : error LNK2005: "int PlayerGraph" (?PlayerGraph@@3HA) は既に main.obj で定義されています。
GameClearScene.obj : error LNK2005: "int EnemyW" (?EnemyW@@3HA) は既に main.obj で定義されています。
GameClearScene.obj : error LNK2005: "int EnemyH" (?EnemyH@@3HA) は既に main.obj で定義されています。
GameClearScene.obj : error LNK2005: "int Telop1Graph" (?Telop1Graph@@3HA) は既に main.obj で定義されています。
GameClearScene.obj : error LNK2005: "int Telop2Graph" (?Telop2Graph@@3HA) は既に main.obj で定義されています。
GameClearScene.obj : error LNK2005: "int BackGraph" (?BackGraph@@3HA) は既に main.obj で定義されています。
GameClearScene.obj : error LNK2005: "int TitleGraph" (?TitleGraph@@3HA) は既に main.obj で定義されています。
GameClearScene.obj : error LNK2005: "int TitleScrollGraph" (?TitleScrollGraph@@3HA) は既に main.obj で定義されています。
GameClearScene.obj : error LNK2005: "int ChangeSceenGraph" (?ChangeSceenGraph@@3HA) は既に main.obj で定義されています。
GameClearScene.obj : error LNK2005: "int ChangeSceen2Graph" (?ChangeSceen2Graph@@3HA) は既に main.obj で定義されています。
GameClearScene.obj : error LNK2005: "int BackGlassGraph" (?BackGlassGraph@@3HA) は既に main.obj で定義されています。
GameClearScene.obj : error LNK2005: "int ManualGraph" (?ManualGraph@@3HA) は既に main.obj で定義されています。
GameClearScene.obj : error LNK2005: "int Manual2Graph" (?Manual2Graph@@3HA) は既に main.obj で定義されています。
GameClearScene.obj : error LNK2005: "int GameOverGraph" (?GameOverGraph@@3HA) は既に main.obj で定義されています。
GameClearScene.obj : error LNK2005: "int GameOverTxtGraph" (?GameOverTxtGraph@@3HA) は既に main.obj で定義されています。
GameClearScene.obj : error LNK2005: "int ClearGraph" (?ClearGraph@@3HA) は既に main.obj で定義されています。
GameClearScene.obj : error LNK2005: "int GameClearTxtGraph" (?GameClearTxtGraph@@3HA) は既に main.obj で定義されています。
GameClearScene.obj : error LNK2005: "int SkyGraph" (?SkyGraph@@3HA) は既に main.obj で定義されています。
GameClearScene.obj : error LNK2005: "int MountainGraph" (?MountainGraph@@3HA) は既に main.obj で定義されています。
GameClearScene.obj : error LNK2005: "int GraundGraph" (?GraundGraph@@3HA) は既に main.obj で定義されています。
GameClearScene.obj : error LNK2005: "int SlimeAyeGraph" (?SlimeAyeGraph@@3HA) は既に main.obj で定義されています。
GameClearScene.obj : error LNK2005: "int SlimeAye2Graph" (?SlimeAye2Graph@@3HA) は既に main.obj で定義されています。
GameClearScene.obj : error LNK2005: "int ArrowGraph" (?ArrowGraph@@3HA) は既に main.obj で定義されています。
GameClearScene.obj : error LNK2005: "int BgmHandle" (?BgmHandle@@3HA) は既に main.obj で定義されています。
GameClearScene.obj : error LNK2005: "int SeHandle" (?SeHandle@@3HA) は既に main.obj で定義されています。
GameClearScene.obj : error LNK2005: "int GameOverHandle" (?GameOverHandle@@3HA) は既に main.obj で定義されています。
GameClearScene.obj : error LNK2005: "float JumpPower" (?JumpPower@@3MA) は既に main.obj で定義されています。
GameClearScene.obj : error LNK2005: "float JumpPower1" (?JumpPower1@@3MA) は既に main.obj で定義されています。
GameClearScene.obj : error LNK2005: "bool IsInputEnterHold" (?IsInputEnterHold@@3_NA) は既に main.obj で定義されています。
GameClearScene.obj : error LNK2005: "bool IsInputUpHold" (?IsInputUpHold@@3_NA) は既に main.obj で定義されています。
GameClearScene.obj : error LNK2005: "bool IsInputDownHold" (?IsInputDownHold@@3_NA) は既に main.obj で定義されています。
GameClearScene.obj : error LNK2005: "bool IsInputJump1Hold" (?IsInputJump1Hold@@3_NA) は既に main.obj で定義されています。
GameClearScene.obj : error LNK2005: "bool IsInputJump2Hold" (?IsInputJump2Hold@@3_NA) は既に main.obj で定義されています。
GameClearScene.obj : error LNK2005: "bool IsInputJump3Hold" (?IsInputJump3Hold@@3_NA) は既に main.obj で定義されています。
GameClearScene.obj : error LNK2005: "struct DxLib::tagXINPUT_STATE Input" (?Input@@3UtagXINPUT_STATE@DxLib@@A) は既に main.obj で定義されています。
GameClearScene.obj : error LNK2005: "float Initialization" (?Initialization@@3MA) は既に main.obj で定義されています。
GameClearScene.obj : error LNK2005: "struct DxLib::tagVECTOR EnemyPos" (?EnemyPos@@3UtagVECTOR@DxLib@@A) は既に main.obj で定義されています。
GameClearScene.obj : error LNK2005: "struct DxLib::tagVECTOR EnemyPos1" (?EnemyPos1@@3UtagVECTOR@DxLib@@A) は既に main.obj で定義されています。
GameClearScene.obj : error LNK2005: "struct DxLib::tagVECTOR EnemyPos2" (?EnemyPos2@@3UtagVECTOR@DxLib@@A) は既に main.obj で定義されています。
GameClearScene.obj : error LNK2005: "struct DxLib::tagVECTOR EnemyPos3" (?EnemyPos3@@3UtagVECTOR@DxLib@@A) は既に main.obj で定義されています。
GameClearScene.obj : error LNK2005: "struct DxLib::tagVECTOR EnemyPos4" (?EnemyPos4@@3UtagVECTOR@DxLib@@A) は既に main.obj で定義されています。
GameClearScene.obj : error LNK2005: "struct DxLib::tagVECTOR EnemyPos5" (?EnemyPos5@@3UtagVECTOR@DxLib@@A) は既に main.obj で定義されています。
GameClearScene.obj : error LNK2005: "struct DxLib::tagVECTOR EnemyPos6" (?EnemyPos6@@3UtagVECTOR@DxLib@@A) は既に main.obj で定義されています。
GameClearScene.obj : error LNK2005: "struct DxLib::tagVECTOR EnemyPos7" (?EnemyPos7@@3UtagVECTOR@DxLib@@A) は既に main.obj で定義されています。
GameClearScene.obj : error LNK2005: "struct DxLib::tagVECTOR EnemyPos8" (?EnemyPos8@@3UtagVECTOR@DxLib@@A) は既に main.obj で定義されています。
GameClearScene.obj : error LNK2005: "struct DxLib::tagVECTOR EnemyPos9" (?EnemyPos9@@3UtagVECTOR@DxLib@@A) は既に main.obj で定義されています。
GameClearScene.obj : error LNK2005: "struct DxLib::tagVECTOR TelopPos1" (?TelopPos1@@3UtagVECTOR@DxLib@@A) は既に main.obj で定義されています。
GameClearScene.obj : error LNK2005: "struct DxLib::tagVECTOR TelopPos2" (?TelopPos2@@3UtagVECTOR@DxLib@@A) は既に main.obj で定義されています。
GameOverScene.obj : error LNK2005: "int Key" (?Key@@3HA) は既に main.obj で定義されています。
GameOverScene.obj : error LNK2005: "int Key1" (?Key1@@3HA) は既に main.obj で定義されています。
GameOverScene.obj : error LNK2005: "int Key2" (?Key2@@3HA) は既に main.obj で定義されています。
GameOverScene.obj : error LNK2005: "int Cr1" (?Cr1@@3HA) は既に main.obj で定義されています。
GameOverScene.obj : error LNK2005: "int Cr2" (?Cr2@@3HA) は既に main.obj で定義されています。
GameOverScene.obj : error LNK2005: "int GroundCoordinate" (?GroundCoordinate@@3HA) は既に main.obj で定義されています。
GameOverScene.obj : error LNK2005: "int EnemyStart" (?EnemyStart@@3HA) は既に main.obj で定義されています。
GameOverScene.obj : error LNK2005: "int EnemyUp1" (?EnemyUp1@@3HA) は既に main.obj で定義されています。
GameOverScene.obj : error LNK2005: "int EnemyUp2" (?EnemyUp2@@3HA) は既に main.obj で定義されています。
GameOverScene.obj : error LNK2005: "int Time" (?Time@@3HA) は既に main.obj で定義されています。
GameOverScene.obj : error LNK2005: "int PlayerX" (?PlayerX@@3HA) は既に main.obj で定義されています。
GameOverScene.obj : error LNK2005: "int PlayerY" (?PlayerY@@3HA) は既に main.obj で定義されています。
GameOverScene.obj : error LNK2005: "int PlayerH" (?PlayerH@@3HA) は既に main.obj で定義されています。
GameOverScene.obj : error LNK2005: "int PlayerW" (?PlayerW@@3HA) は既に main.obj で定義されています。
GameOverScene.obj : error LNK2005: "int PlayerGraph" (?PlayerGraph@@3HA) は既に main.obj で定義されています。
GameOverScene.obj : error LNK2005: "int EnemyW" (?EnemyW@@3HA) は既に main.obj で定義されています。
GameOverScene.obj : error LNK2005: "int EnemyH" (?EnemyH@@3HA) は既に main.obj で定義されています。
GameOverScene.obj : error LNK2005: "int Telop1Graph" (?Telop1Graph@@3HA) は既に main.obj で定義されています。
GameOverScene.obj : error LNK2005: "int Telop2Graph" (?Telop2Graph@@3HA) は既に main.obj で定義されています。
GameOverScene.obj : error LNK2005: "int BackGraph" (?BackGraph@@3HA) は既に main.obj で定義されています。
GameOverScene.obj : error LNK2005: "int TitleGraph" (?TitleGraph@@3HA) は既に main.obj で定義されています。
GameOverScene.obj : error LNK2005: "int TitleScrollGraph" (?TitleScrollGraph@@3HA) は既に main.obj で定義されています。
GameOverScene.obj : error LNK2005: "int ChangeSceenGraph" (?ChangeSceenGraph@@3HA) は既に main.obj で定義されています。
GameOverScene.obj : error LNK2005: "int ChangeSceen2Graph" (?ChangeSceen2Graph@@3HA) は既に main.obj で定義されています。
GameOverScene.obj : error LNK2005: "int BackGlassGraph" (?BackGlassGraph@@3HA) は既に main.obj で定義されています。
GameOverScene.obj : error LNK2005: "int ManualGraph" (?ManualGraph@@3HA) は既に main.obj で定義されています。
GameOverScene.obj : error LNK2005: "int Manual2Graph" (?Manual2Graph@@3HA) は既に main.obj で定義されています。
GameOverScene.obj : error LNK2005: "int GameOverGraph" (?GameOverGraph@@3HA) は既に main.obj で定義されています。
GameOverScene.obj : error LNK2005: "int GameOverTxtGraph" (?GameOverTxtGraph@@3HA) は既に main.obj で定義されています。
GameOverScene.obj : error LNK2005: "int ClearGraph" (?ClearGraph@@3HA) は既に main.obj で定義されています。
GameOverScene.obj : error LNK2005: "int GameClearTxtGraph" (?GameClearTxtGraph@@3HA) は既に main.obj で定義されています。
GameOverScene.obj : error LNK2005: "int SkyGraph" (?SkyGraph@@3HA) は既に main.obj で定義されています。
GameOverScene.obj : error LNK2005: "int MountainGraph" (?MountainGraph@@3HA) は既に main.obj で定義されています。
GameOverScene.obj : error LNK2005: "int GraundGraph" (?GraundGraph@@3HA) は既に main.obj で定義されています。
GameOverScene.obj : error LNK2005: "int SlimeAyeGraph" (?SlimeAyeGraph@@3HA) は既に main.obj で定義されています。
GameOverScene.obj : error LNK2005: "int SlimeAye2Graph" (?SlimeAye2Graph@@3HA) は既に main.obj で定義されています。
GameOverScene.obj : error LNK2005: "int ArrowGraph" (?ArrowGraph@@3HA) は既に main.obj で定義されています。
GameOverScene.obj : error LNK2005: "int BgmHandle" (?BgmHandle@@3HA) は既に main.obj で定義されています。
GameOverScene.obj : error LNK2005: "int SeHandle" (?SeHandle@@3HA) は既に main.obj で定義されています。
GameOverScene.obj : error LNK2005: "int GameOverHandle" (?GameOverHandle@@3HA) は既に main.obj で定義されています。
GameOverScene.obj : error LNK2005: "float JumpPower" (?JumpPower@@3MA) は既に main.obj で定義されています。
GameOverScene.obj : error LNK2005: "float JumpPower1" (?JumpPower1@@3MA) は既に main.obj で定義されています。
GameOverScene.obj : error LNK2005: "bool IsInputEnterHold" (?IsInputEnterHold@@3_NA) は既に main.obj で定義されています。
GameOverScene.obj : error LNK2005: "bool IsInputUpHold" (?IsInputUpHold@@3_NA) は既に main.obj で定義されています。
GameOverScene.obj : error LNK2005: "bool IsInputDownHold" (?IsInputDownHold@@3_NA) は既に main.obj で定義されています。
GameOverScene.obj : error LNK2005: "bool IsInputJump1Hold" (?IsInputJump1Hold@@3_NA) は既に main.obj で定義されています。
GameOverScene.obj : error LNK2005: "bool IsInputJump2Hold" (?IsInputJump2Hold@@3_NA) は既に main.obj で定義されています。
GameOverScene.obj : error LNK2005: "bool IsInputJump3Hold" (?IsInputJump3Hold@@3_NA) は既に main.obj で定義されています。
GameOverScene.obj : error LNK2005: "struct DxLib::tagXINPUT_STATE Input" (?Input@@3UtagXINPUT_STATE@DxLib@@A) は既に main.obj で定義されています。
GameOverScene.obj : error LNK2005: "float Initialization" (?Initialization@@3MA) は既に main.obj で定義されています。
GameOverScene.obj : error LNK2005: "struct DxLib::tagVECTOR EnemyPos" (?EnemyPos@@3UtagVECTOR@DxLib@@A) は既に main.obj で定義されています。
GameOverScene.obj : error LNK2005: "struct DxLib::tagVECTOR EnemyPos1" (?EnemyPos1@@3UtagVECTOR@DxLib@@A) は既に main.obj で定義されています。
GameOverScene.obj : error LNK2005: "struct DxLib::tagVECTOR EnemyPos2" (?EnemyPos2@@3UtagVECTOR@DxLib@@A) は既に main.obj で定義されています。
GameOverScene.obj : error LNK2005: "struct DxLib::tagVECTOR EnemyPos3" (?EnemyPos3@@3UtagVECTOR@DxLib@@A) は既に main.obj で定義されています。
GameOverScene.obj : error LNK2005: "struct DxLib::tagVECTOR EnemyPos4" (?EnemyPos4@@3UtagVECTOR@DxLib@@A) は既に main.obj で定義されています。
GameOverScene.obj : error LNK2005: "struct DxLib::tagVECTOR EnemyPos5" (?EnemyPos5@@3UtagVECTOR@DxLib@@A) は既に main.obj で定義されています。
GameOverScene.obj : error LNK2005: "struct DxLib::tagVECTOR EnemyPos6" (?EnemyPos6@@3UtagVECTOR@DxLib@@A) は既に main.obj で定義されています。
GameOverScene.obj : error LNK2005: "struct DxLib::tagVECTOR EnemyPos7" (?EnemyPos7@@3UtagVECTOR@DxLib@@A) は既に main.obj で定義されています。
GameOverScene.obj : error LNK2005: "struct DxLib::tagVECTOR EnemyPos8" (?EnemyPos8@@3UtagVECTOR@DxLib@@A) は既に main.obj で定義されています。
GameOverScene.obj : error LNK2005: "struct DxLib::tagVECTOR EnemyPos9" (?EnemyPos9@@3UtagVECTOR@DxLib@@A) は既に main.obj で定義されています。
GameOverScene.obj : error LNK2005: "struct DxLib::tagVECTOR TelopPos1" (?TelopPos1@@3UtagVECTOR@DxLib@@A) は既に main.obj で定義されています。
GameOverScene.obj : error LNK2005: "struct DxLib::tagVECTOR TelopPos2" (?TelopPos2@@3UtagVECTOR@DxLib@@A) は既に main.obj で定義されています。
Player.obj : error LNK2005: "int Key" (?Key@@3HA) は既に main.obj で定義されています。
Player.obj : error LNK2005: "int Key1" (?Key1@@3HA) は既に main.obj で定義されています。
Player.obj : error LNK2005: "int Key2" (?Key2@@3HA) は既に main.obj で定義されています。
Player.obj : error LNK2005: "int Cr1" (?Cr1@@3HA) は既に main.obj で定義されています。
Player.obj : error LNK2005: "int Cr2" (?Cr2@@3HA) は既に main.obj で定義されています。
Player.obj : error LNK2005: "int GroundCoordinate" (?GroundCoordinate@@3HA) は既に main.obj で定義されています。
Player.obj : error LNK2005: "int EnemyStart" (?EnemyStart@@3HA) は既に main.obj で定義されています。
Player.obj : error LNK2005: "int EnemyUp1" (?EnemyUp1@@3HA) は既に main.obj で定義されています。
Player.obj : error LNK2005: "int EnemyUp2" (?EnemyUp2@@3HA) は既に main.obj で定義されています。
Player.obj : error LNK2005: "int Time" (?Time@@3HA) は既に main.obj で定義されています。
Player.obj : error LNK2005: "int PlayerX" (?PlayerX@@3HA) は既に main.obj で定義されています。
Player.obj : error LNK2005: "int PlayerY" (?PlayerY@@3HA) は既に main.obj で定義されています。
Player.obj : error LNK2005: "int PlayerH" (?PlayerH@@3HA) は既に main.obj で定義されています。
Player.obj : error LNK2005: "int PlayerW" (?PlayerW@@3HA) は既に main.obj で定義されています。
Player.obj : error LNK2005: "int PlayerGraph" (?PlayerGraph@@3HA) は既に main.obj で定義されています。
Player.obj : error LNK2005: "int EnemyW" (?EnemyW@@3HA) は既に main.obj で定義されています。
Player.obj : error LNK2005: "int EnemyH" (?EnemyH@@3HA) は既に main.obj で定義されています。
Player.obj : error LNK2005: "int Telop1Graph" (?Telop1Graph@@3HA) は既に main.obj で定義されています。
Player.obj : error LNK2005: "int Telop2Graph" (?Telop2Graph@@3HA) は既に main.obj で定義されています。
Player.obj : error LNK2005: "int BackGraph" (?BackGraph@@3HA) は既に main.obj で定義されています。
Player.obj : error LNK2005: "int TitleGraph" (?TitleGraph@@3HA) は既に main.obj で定義されています。
Player.obj : error LNK2005: "int TitleScrollGraph" (?TitleScrollGraph@@3HA) は既に main.obj で定義されています。
Player.obj : error LNK2005: "int ChangeSceenGraph" (?ChangeSceenGraph@@3HA) は既に main.obj で定義されています。
Player.obj : error LNK2005: "int ChangeSceen2Graph" (?ChangeSceen2Graph@@3HA) は既に main.obj で定義されています。
Player.obj : error LNK2005: "int BackGlassGraph" (?BackGlassGraph@@3HA) は既に main.obj で定義されています。
Player.obj : error LNK2005: "int ManualGraph" (?ManualGraph@@3HA) は既に main.obj で定義されています。
Player.obj : error LNK2005: "int Manual2Graph" (?Manual2Graph@@3HA) は既に main.obj で定義されています。
Player.obj : error LNK2005: "int GameOverGraph" (?GameOverGraph@@3HA) は既に main.obj で定義されています。
Player.obj : error LNK2005: "int GameOverTxtGraph" (?GameOverTxtGraph@@3HA) は既に main.obj で定義されています。
Player.obj : error LNK2005: "int ClearGraph" (?ClearGraph@@3HA) は既に main.obj で定義されています。
Player.obj : error LNK2005: "int GameClearTxtGraph" (?GameClearTxtGraph@@3HA) は既に main.obj で定義されています。
Player.obj : error LNK2005: "int SkyGraph" (?SkyGraph@@3HA) は既に main.obj で定義されています。
Player.obj : error LNK2005: "int MountainGraph" (?MountainGraph@@3HA) は既に main.obj で定義されています。
Player.obj : error LNK2005: "int GraundGraph" (?GraundGraph@@3HA) は既に main.obj で定義されています。
Player.obj : error LNK2005: "int SlimeAyeGraph" (?SlimeAyeGraph@@3HA) は既に main.obj で定義されています。
Player.obj : error LNK2005: "int SlimeAye2Graph" (?SlimeAye2Graph@@3HA) は既に main.obj で定義されています。
Player.obj : error LNK2005: "int ArrowGraph" (?ArrowGraph@@3HA) は既に main.obj で定義されています。
Player.obj : error LNK2005: "int BgmHandle" (?BgmHandle@@3HA) は既に main.obj で定義されています。
Player.obj : error LNK2005: "int SeHandle" (?SeHandle@@3HA) は既に main.obj で定義されています。
Player.obj : error LNK2005: "int GameOverHandle" (?GameOverHandle@@3HA) は既に main.obj で定義されています。
Player.obj : error LNK2005: "float JumpPower" (?JumpPower@@3MA) は既に main.obj で定義されています。
Player.obj : error LNK2005: "float JumpPower1" (?JumpPower1@@3MA) は既に main.obj で定義されています。
Player.obj : error LNK2005: "bool IsInputEnterHold" (?IsInputEnterHold@@3_NA) は既に main.obj で定義されています。
Player.obj : error LNK2005: "bool IsInputUpHold" (?IsInputUpHold@@3_NA) は既に main.obj で定義されています。
Player.obj : error LNK2005: "bool IsInputDownHold" (?IsInputDownHold@@3_NA) は既に main.obj で定義されています。
Player.obj : error LNK2005: "bool IsInputJump1Hold" (?IsInputJump1Hold@@3_NA) は既に main.obj で定義されています。
Player.obj : error LNK2005: "bool IsInputJump2Hold" (?IsInputJump2Hold@@3_NA) は既に main.obj で定義されています。
Player.obj : error LNK2005: "bool IsInputJump3Hold" (?IsInputJump3Hold@@3_NA) は既に main.obj で定義されています。
Player.obj : error LNK2005: "struct DxLib::tagXINPUT_STATE Input" (?Input@@3UtagXINPUT_STATE@DxLib@@A) は既に main.obj で定義されています。
Player.obj : error LNK2005: "float Initialization" (?Initialization@@3MA) は既に main.obj で定義されています。
Player.obj : error LNK2005: "struct DxLib::tagVECTOR EnemyPos" (?EnemyPos@@3UtagVECTOR@DxLib@@A) は既に main.obj で定義されています。
Player.obj : error LNK2005: "struct DxLib::tagVECTOR EnemyPos1" (?EnemyPos1@@3UtagVECTOR@DxLib@@A) は既に main.obj で定義されています。
Player.obj : error LNK2005: "struct DxLib::tagVECTOR EnemyPos2" (?EnemyPos2@@3UtagVECTOR@DxLib@@A) は既に main.obj で定義されています。
Player.obj : error LNK2005: "struct DxLib::tagVECTOR EnemyPos3" (?EnemyPos3@@3UtagVECTOR@DxLib@@A) は既に main.obj で定義されています。
Player.obj : error LNK2005: "struct DxLib::tagVECTOR EnemyPos4" (?EnemyPos4@@3UtagVECTOR@DxLib@@A) は既に main.obj で定義されています。
Player.obj : error LNK2005: "struct DxLib::tagVECTOR EnemyPos5" (?EnemyPos5@@3UtagVECTOR@DxLib@@A) は既に main.obj で定義されています。
Player.obj : error LNK2005: "struct DxLib::tagVECTOR EnemyPos6" (?EnemyPos6@@3UtagVECTOR@DxLib@@A) は既に main.obj で定義されています。
Player.obj : error LNK2005: "struct DxLib::tagVECTOR EnemyPos7" (?EnemyPos7@@3UtagVECTOR@DxLib@@A) は既に main.obj で定義されています。
Player.obj : error LNK2005: "struct DxLib::tagVECTOR EnemyPos8" (?EnemyPos8@@3UtagVECTOR@DxLib@@A) は既に main.obj で定義されています。
Player.obj : error LNK2005: "struct DxLib::tagVECTOR EnemyPos9" (?EnemyPos9@@3UtagVECTOR@DxLib@@A) は既に main.obj で定義されています。
Player.obj : error LNK2005: "struct DxLib::tagVECTOR TelopPos1" (?TelopPos1@@3UtagVECTOR@DxLib@@A) は既に main.obj で定義されています。
Player.obj : error LNK2005: "struct DxLib::tagVECTOR TelopPos2" (?TelopPos2@@3UtagVECTOR@DxLib@@A) は既に main.obj で定義されています。
TitleScene.obj : error LNK2005: "int Key" (?Key@@3HA) は既に main.obj で定義されています。
TitleScene.obj : error LNK2005: "int Key1" (?Key1@@3HA) は既に main.obj で定義されています。
TitleScene.obj : error LNK2005: "int Key2" (?Key2@@3HA) は既に main.obj で定義されています。
TitleScene.obj : error LNK2005: "int Cr1" (?Cr1@@3HA) は既に main.obj で定義されています。
TitleScene.obj : error LNK2005: "int Cr2" (?Cr2@@3HA) は既に main.obj で定義されています。
TitleScene.obj : error LNK2005: "int GroundCoordinate" (?GroundCoordinate@@3HA) は既に main.obj で定義されています。
TitleScene.obj : error LNK2005: "int EnemyStart" (?EnemyStart@@3HA) は既に main.obj で定義されています。
TitleScene.obj : error LNK2005: "int EnemyUp1" (?EnemyUp1@@3HA) は既に main.obj で定義されています。
TitleScene.obj : error LNK2005: "int EnemyUp2" (?EnemyUp2@@3HA) は既に main.obj で定義されています。
TitleScene.obj : error LNK2005: "int Time" (?Time@@3HA) は既に main.obj で定義されています。
TitleScene.obj : error LNK2005: "int PlayerX" (?PlayerX@@3HA) は既に main.obj で定義されています。
TitleScene.obj : error LNK2005: "int PlayerY" (?PlayerY@@3HA) は既に main.obj で定義されています。
TitleScene.obj : error LNK2005: "int PlayerH" (?PlayerH@@3HA) は既に main.obj で定義されています。
TitleScene.obj : error LNK2005: "int PlayerW" (?PlayerW@@3HA) は既に main.obj で定義されています。
TitleScene.obj : error LNK2005: "int PlayerGraph" (?PlayerGraph@@3HA) は既に main.obj で定義されています。
TitleScene.obj : error LNK2005: "int EnemyW" (?EnemyW@@3HA) は既に main.obj で定義されています。
TitleScene.obj : error LNK2005: "int EnemyH" (?EnemyH@@3HA) は既に main.obj で定義されています。
TitleScene.obj : error LNK2005: "int Telop1Graph" (?Telop1Graph@@3HA) は既に main.obj で定義されています。
TitleScene.obj : error LNK2005: "int Telop2Graph" (?Telop2Graph@@3HA) は既に main.obj で定義されています。
TitleScene.obj : error LNK2005: "int BackGraph" (?BackGraph@@3HA) は既に main.obj で定義されています。
TitleScene.obj : error LNK2005: "int TitleGraph" (?TitleGraph@@3HA) は既に main.obj で定義されています。
TitleScene.obj : error LNK2005: "int TitleScrollGraph" (?TitleScrollGraph@@3HA) は既に main.obj で定義されています。
TitleScene.obj : error LNK2005: "int ChangeSceenGraph" (?ChangeSceenGraph@@3HA) は既に main.obj で定義されています。
TitleScene.obj : error LNK2005: "int ChangeSceen2Graph" (?ChangeSceen2Graph@@3HA) は既に main.obj で定義されています。
TitleScene.obj : error LNK2005: "int BackGlassGraph" (?BackGlassGraph@@3HA) は既に main.obj で定義されています。
TitleScene.obj : error LNK2005: "int ManualGraph" (?ManualGraph@@3HA) は既に main.obj で定義されています。
TitleScene.obj : error LNK2005: "int Manual2Graph" (?Manual2Graph@@3HA) は既に main.obj で定義されています。
TitleScene.obj : error LNK2005: "int GameOverGraph" (?GameOverGraph@@3HA) は既に main.obj で定義されています。
TitleScene.obj : error LNK2005: "int GameOverTxtGraph" (?GameOverTxtGraph@@3HA) は既に main.obj で定義されています。
TitleScene.obj : error LNK2005: "int ClearGraph" (?ClearGraph@@3HA) は既に main.obj で定義されています。
TitleScene.obj : error LNK2005: "int GameClearTxtGraph" (?GameClearTxtGraph@@3HA) は既に main.obj で定義されています。
TitleScene.obj : error LNK2005: "int SkyGraph" (?SkyGraph@@3HA) は既に main.obj で定義されています。
TitleScene.obj : error LNK2005: "int MountainGraph" (?MountainGraph@@3HA) は既に main.obj で定義されています。
TitleScene.obj : error LNK2005: "int GraundGraph" (?GraundGraph@@3HA) は既に main.obj で定義されています。
TitleScene.obj : error LNK2005: "int SlimeAyeGraph" (?SlimeAyeGraph@@3HA) は既に main.obj で定義されています。
TitleScene.obj : error LNK2005: "int SlimeAye2Graph" (?SlimeAye2Graph@@3HA) は既に main.obj で定義されています。
TitleScene.obj : error LNK2005: "int ArrowGraph" (?ArrowGraph@@3HA) は既に main.obj で定義されています。
TitleScene.obj : error LNK2005: "int BgmHandle" (?BgmHandle@@3HA) は既に main.obj で定義されています。
TitleScene.obj : error LNK2005: "int SeHandle" (?SeHandle@@3HA) は既に main.obj で定義されています。
TitleScene.obj : error LNK2005: "int GameOverHandle" (?GameOverHandle@@3HA) は既に main.obj で定義されています。
TitleScene.obj : error LNK2005: "float JumpPower" (?JumpPower@@3MA) は既に main.obj で定義されています。
TitleScene.obj : error LNK2005: "float JumpPower1" (?JumpPower1@@3MA) は既に main.obj で定義されています。
TitleScene.obj : error LNK2005: "bool IsInputEnterHold" (?IsInputEnterHold@@3_NA) は既に main.obj で定義されています。
TitleScene.obj : error LNK2005: "bool IsInputUpHold" (?IsInputUpHold@@3_NA) は既に main.obj で定義されています。
TitleScene.obj : error LNK2005: "bool IsInputDownHold" (?IsInputDownHold@@3_NA) は既に main.obj で定義されています。
TitleScene.obj : error LNK2005: "bool IsInputJump1Hold" (?IsInputJump1Hold@@3_NA) は既に main.obj で定義されています。
TitleScene.obj : error LNK2005: "bool IsInputJump2Hold" (?IsInputJump2Hold@@3_NA) は既に main.obj で定義されています。
TitleScene.obj : error LNK2005: "bool IsInputJump3Hold" (?IsInputJump3Hold@@3_NA) は既に main.obj で定義されています。
TitleScene.obj : error LNK2005: "struct DxLib::tagXINPUT_STATE Input" (?Input@@3UtagXINPUT_STATE@DxLib@@A) は既に main.obj で定義されています。
TitleScene.obj : error LNK2005: "float Initialization" (?Initialization@@3MA) は既に main.obj で定義されています。
TitleScene.obj : error LNK2005: "struct DxLib::tagVECTOR EnemyPos" (?EnemyPos@@3UtagVECTOR@DxLib@@A) は既に main.obj で定義されています。
TitleScene.obj : error LNK2005: "struct DxLib::tagVECTOR EnemyPos1" (?EnemyPos1@@3UtagVECTOR@DxLib@@A) は既に main.obj で定義されています。
TitleScene.obj : error LNK2005: "struct DxLib::tagVECTOR EnemyPos2" (?EnemyPos2@@3UtagVECTOR@DxLib@@A) は既に main.obj で定義されています。
TitleScene.obj : error LNK2005: "struct DxLib::tagVECTOR EnemyPos3" (?EnemyPos3@@3UtagVECTOR@DxLib@@A) は既に main.obj で定義されています。
TitleScene.obj : error LNK2005: "struct DxLib::tagVECTOR EnemyPos4" (?EnemyPos4@@3UtagVECTOR@DxLib@@A) は既に main.obj で定義されています。
TitleScene.obj : error LNK2005: "struct DxLib::tagVECTOR EnemyPos5" (?EnemyPos5@@3UtagVECTOR@DxLib@@A) は既に main.obj で定義されています。
TitleScene.obj : error LNK2005: "struct DxLib::tagVECTOR EnemyPos6" (?EnemyPos6@@3UtagVECTOR@DxLib@@A) は既に main.obj で定義されています。
TitleScene.obj : error LNK2005: "struct DxLib::tagVECTOR EnemyPos7" (?EnemyPos7@@3UtagVECTOR@DxLib@@A) は既に main.obj で定義されています。
TitleScene.obj : error LNK2005: "struct DxLib::tagVECTOR EnemyPos8" (?EnemyPos8@@3UtagVECTOR@DxLib@@A) は既に main.obj で定義されています。
TitleScene.obj : error LNK2005: "struct DxLib::tagVECTOR EnemyPos9" (?EnemyPos9@@3UtagVECTOR@DxLib@@A) は既に main.obj で定義されています。
TitleScene.obj : error LNK2005: "struct DxLib::tagVECTOR TelopPos1" (?TelopPos1@@3UtagVECTOR@DxLib@@A) は既に main.obj で定義されています。
TitleScene.obj : error LNK2005: "struct DxLib::tagVECTOR TelopPos2" (?TelopPos2@@3UtagVECTOR@DxLib@@A) は既に main.obj で定義されています。
GameOverScene.obj : error LNK2019: 未解決の外部シンボル "bool __cdecl InputUp(void)" (?InputUp@@YA_NXZ) が関数 "public: void __cdecl GameOverScene::Update(void)" (?Update@GameOverScene@@QEAAXXZ) で参照されました
TitleScene.obj : error LNK2001: 外部シンボル "bool __cdecl InputUp(void)" (?InputUp@@YA_NXZ) は未解決です
GameOverScene.obj : error LNK2019: 未解決の外部シンボル "bool __cdecl InputDown(void)" (?InputDown@@YA_NXZ) が関数 "public: void __cdecl GameOverScene::Update(void)" (?Update@GameOverScene@@QEAAXXZ) で参照されました
TitleScene.obj : error LNK2001: 外部シンボル "bool __cdecl InputDown(void)" (?InputDown@@YA_NXZ) は未解決です
Player.obj : error LNK2019: 未解決の外部シンボル "bool __cdecl InputJump1(void)" (?InputJump1@@YA_NXZ) が関数 "public: void __cdecl Player::Update(void)" (?Update@Player@@QEAAXXZ) で参照されました
Player.obj : error LNK2019: 未解決の外部シンボル "bool __cdecl InputJump2(void)" (?InputJump2@@YA_NXZ) が関数 "public: void __cdecl Player::Update(void)" (?Update@Player@@QEAAXXZ) で参照されました
C:\Users\fko2347054\Desktop\中原颯希\3DRunGame\3DRunGame\x64\Debug\3DRunGame.exe : fatal error LNK1120: 4 件の未解決の外部参照
